<?xml version="1.0" encoding="UTF-8"?>
<!-- Generated by org.testng.reporters.JUnitXMLReporter -->
<testsuite hostname="DESKTOP-Q3OL5F5" ignored="0" name="TC001_verifyhomePage" tests="1" failures="0" timestamp="2022-08-02T12:08:37 EDT" time="0.062" errors="0">
  <testcase name="@BeforeClass setup" time="-1.659456517058E9" classname="com.orangehrm.testBase.BaseClass">
    <failure type="org.testng.TestNGException" message="
Can inject only one of &amp;lt;ITestContext, XmlTest&amp;gt; into a @BeforeClass annotated setup.
For more information on native dependency injection please refer to https://testng.org/doc/documentation-main.html#native-dependency-injection">
      <![CDATA[org.testng.TestNGException: 
Can inject only one of <ITestContext, XmlTest> into a @BeforeClass annotated setup.
For more information on native dependency injection please refer to https://testng.org/doc/documentation-main.html#native-dependency-injection
at java.util.ArrayList.forEach(Unknown Source)
... Removed 22 stack frames]]>
    </failure>
  </testcase> <!-- @BeforeClass setup -->
  <testcase name="@AfterClass teardown" time="-1.659456517093E9" classname="com.orangehrm.testBase.BaseClass">
    <skipped/>
  </testcase> <!-- @AfterClass teardown -->
  <testcase name="verifyHomePageTitleTestCase" time="0.0" classname="com.orangehrm.testcases.TC001_verifyhomePage">
    <skipped/>
  </testcase> <!-- verifyHomePageTitleTestCase -->
</testsuite> <!-- TC001_verifyhomePage -->
