<?xml version="1.0" encoding="UTF-8"?>
<testsuite xmlns:xsi="http://www.w3.org/2001/XMLSchema-instance" xsi:noNamespaceSchemaLocation="https://maven.apache.org/surefire/maven-surefire-plugin/xsd/surefire-test-report-3.0.xsd" version="3.0" name="TestSuite" time="45.649" tests="3" errors="0" skipped="0" failures="0">
  <properties>
[...]
</properties>
  <testcase name="verifyHomePageTitleTestCase" classname="com.orangehrm.testcases.TC001_verifyhomePage" time="0.318">
    <system-out><![CDATA[[TestNGContentHandler] [WARN] It is strongly recommended to add "<!DOCTYPE suite SYSTEM "http://testng.org/testng-1.0.dtd" >" at the top of your file, otherwise TestNG may fail or not work as expected.
[INFO ] 03-08-2022 11:19:19.025 TC001_verifyhomePage - chrome browser is launched succesfully
[INFO ] 03-08-2022 11:19:24.701 TC001_verifyhomePage - the url is entered and opening
[INFO ] 03-08-2022 11:19:24.728 TC001_verifyhomePage - the displayed url is : https://opensource-demo.orangehrmlive.com/
[INFO ] 03-08-2022 11:19:24.739 TC001_verifyhomePage - title of the page is :OrangeHRM
[INFO ] 03-08-2022 11:19:24.739 TC001_verifyhomePage - orange hrm  application is opened
[INFO ] 03-08-2022 11:19:25.059 TC001_verifyhomePage - screenshots captured successfully
]]></system-out>
    <system-err><![CDATA[SLF4J: Failed to load class "org.slf4j.impl.StaticLoggerBinder".
SLF4J: Defaulting to no-operation (NOP) logger implementation
SLF4J: See http://www.slf4j.org/codes.html#StaticLoggerBinder for further details.
Starting ChromeDriver 103.0.5060.134 (8ec6fce403b3feb0869b0732eda8bd95011d333c-refs/branch-heads/5060@{#1262}) on port 6879
Only local connections are allowed.
Please see https://chromedriver.chromium.org/security-considerations for suggestions on keeping ChromeDriver safe.
ChromeDriver was started successfully.
[1659539958.384][WARNING]: This version of ChromeDriver has not been tested with Chrome version 104.
Aug 03, 2022 11:19:18 AM org.openqa.selenium.remote.ProtocolHandshake createSession
INFO: Detected dialect: W3C
]]></system-err>
  </testcase>
  <testcase name="loginTestCase" classname="com.orangehrm.testcases.TC002_loginTestCase" time="7.792">
    <system-out><![CDATA[[INFO ] 03-08-2022 11:19:26.242 TC001_verifyhomePage - successfuly closed the browser
[INFO ] 03-08-2022 11:19:28.398 TC002_loginTestCase - chrome browser is launched succesfully
[INFO ] 03-08-2022 11:19:33.889 TC002_loginTestCase - the url is entered and opening
[INFO ] 03-08-2022 11:19:39.234 LoginPage - value entered in username field is Admin
[INFO ] 03-08-2022 11:19:39.234 TC002_loginTestCase - username is entered
[INFO ] 03-08-2022 11:19:39.479 LoginPage - value entered in password field is :admin123
[INFO ] 03-08-2022 11:19:39.479 TC002_loginTestCase - password is entered 
[INFO ] 03-08-2022 11:19:41.093 LoginPage - login button is enabled and so it is clicked
[INFO ] 03-08-2022 11:19:41.093 TC002_loginTestCase - login button is clicked
[INFO ] 03-08-2022 11:19:41.602 TC002_loginTestCase - screenshots captured successfully
[INFO ] 03-08-2022 11:19:41.692 DashboardPage - status of dashboard: true
[INFO ] 03-08-2022 11:19:41.692 DashboardPage - Dashboard link is displayed
[INFO ] 03-08-2022 11:19:41.696 TC002_loginTestCase - dashboard link is displayed
[INFO ] 03-08-2022 11:19:41.703 TC002_loginTestCase - the title displayed after login is: OrangeHRM
]]></system-out>
    <system-err><![CDATA[Starting ChromeDriver 103.0.5060.134 (8ec6fce403b3feb0869b0732eda8bd95011d333c-refs/branch-heads/5060@{#1262}) on port 16574
Only local connections are allowed.
Please see https://chromedriver.chromium.org/security-considerations for suggestions on keeping ChromeDriver safe.
ChromeDriver was started successfully.
[1659539967.866][WARNING]: This version of ChromeDriver has not been tested with Chrome version 104.
Aug 03, 2022 11:19:28 AM org.openqa.selenium.remote.ProtocolHandshake createSession
INFO: Detected dialect: W3C
]]></system-err>
  </testcase>
  <testcase name="moveInDashBoardPage" classname="com.orangehrm.testcases.TC003_dashboardPage" time="8.774">
    <system-out><![CDATA[[INFO ] 03-08-2022 11:19:42.543 TC002_loginTestCase - successfuly closed the browser
[INFO ] 03-08-2022 11:19:44.341 TC003_dashboardPage - chrome browser is launched succesfully
[INFO ] 03-08-2022 11:19:49.985 TC003_dashboardPage - the url is entered and opening
[INFO ] 03-08-2022 11:19:55.212 LoginPage - value entered in username field is Admin
[INFO ] 03-08-2022 11:19:55.212 TC003_dashboardPage - username is entered
[INFO ] 03-08-2022 11:19:55.415 LoginPage - value entered in password field is :admin123
[INFO ] 03-08-2022 11:19:55.415 TC003_dashboardPage - password is entered 
[INFO ] 03-08-2022 11:19:57.042 LoginPage - login button is enabled and so it is clicked
[INFO ] 03-08-2022 11:19:57.042 TC003_dashboardPage - login button is clicked
[INFO ] 03-08-2022 11:19:57.330 AdminPage - moved to Admin link
[INFO ] 03-08-2022 11:19:57.588 AdminPage - moved to organization link
[INFO ] 03-08-2022 11:19:58.323 AdminPage - clicked on locations link
[INFO ] 03-08-2022 11:19:58.380 AdminPage - rows in the table is : 4
[INFO ] 03-08-2022 11:19:58.406 AdminPage - value in row is : Ottawa
[INFO ] 03-08-2022 11:19:58.407 AdminPage - california doesnot exists
[INFO ] 03-08-2022 11:19:58.425 AdminPage - value in row is : California
[INFO ] 03-08-2022 11:19:58.425 AdminPage - california exists
[INFO ] 03-08-2022 11:19:58.446 AdminPage - value in row is : New York
[INFO ] 03-08-2022 11:19:58.446 AdminPage - california doesnot exists
[INFO ] 03-08-2022 11:19:58.469 AdminPage - value in row is : Texas
[INFO ] 03-08-2022 11:19:58.470 AdminPage - california doesnot exists
[INFO ] 03-08-2022 11:19:58.733 TC003_dashboardPage - screenshots captured successfully
]]></system-out>
    <system-err><![CDATA[Starting ChromeDriver 103.0.5060.134 (8ec6fce403b3feb0869b0732eda8bd95011d333c-refs/branch-heads/5060@{#1262}) on port 18287
Only local connections are allowed.
Please see https://chromedriver.chromium.org/security-considerations for suggestions on keeping ChromeDriver safe.
ChromeDriver was started successfully.
[1659539983.871][WARNING]: This version of ChromeDriver has not been tested with Chrome version 104.
Aug 03, 2022 11:19:44 AM org.openqa.selenium.remote.ProtocolHandshake createSession
INFO: Detected dialect: W3C
]]></system-err>
  </testcase>
</testsuite>